# JRE version: OpenJDK Runtime Environment (21.0.5) (build 21.0.5+-13047016-b750.29)
# Java VM: OpenJDK 64-Bit Server VM (21.0.5+-13047016-b750.29, mixed mode, tiered, compressed oops, compressed class ptrs, g1 gc, windows-amd64)
GC Precious Log:
 CardTable entry size: 512
 Card Set container configuration: InlinePtr #cards 5 size 8 Array Of Cards #cards 12 size 40 Howl #buckets 4 coarsen threshold 1843 Howl Bitmap #cards 512 size 80 coarsen threshold 460 Card regions per heap region 1 cards per card region 2048
 CPUs: 4 total, 4 available
 Memory: 8026M
 Large Page Support: Disabled
 NUMA Support: Disabled
 Compressed Oops: Enabled (32-bit)
 Heap Region Size: 1M
 Heap Min Capacity: 8M
 Heap Initial Capacity: 126M
 Heap Max Capacity: 2G
 Pre-touch: Disabled
 Parallel Workers: 4
 Concurrent Workers: 1
 Concurrent Refinement Workers: 4
 Periodic GC: Disabled
Heap:
 garbage-first heap   total 446464K, used 316845K [0x0000000080000000, 0x0000000100000000)
  region size 1024K, 16 young (16384K), 4 survivors (4096K)
 Metaspace       used 182549K, committed 185280K, reserved 1245184K
  class space    used 23821K, committed 25216K, reserved 1048576K
GC Heap History (20 events):
Event: 166.627 GC heap before
{Heap before GC invocations=68 (full 0):
 garbage-first heap   total 368640K, used 332929K [0x0000000080000000, 0x0000000100000000)
  region size 1024K, 129 young (132096K), 15 survivors (15360K)
 Metaspace       used 173340K, committed 176128K, reserved 1245184K
  class space    used 22833K, committed 24256K, reserved 1048576K
}
Event: 166.663 GC heap after
{Heap after GC invocations=69 (full 0):
 garbage-first heap   total 368640K, used 218893K [0x0000000080000000, 0x0000000100000000)
  region size 1024K, 4 young (4096K), 4 survivors (4096K)
 Metaspace       used 173340K, committed 176128K, reserved 1245184K
  class space    used 22833K, committed 24256K, reserved 1048576K
}
Event: 170.082 GC heap before
{Heap before GC invocations=70 (full 0):
 garbage-first heap   total 413696K, used 412429K [0x0000000080000000, 0x0000000100000000)
  region size 1024K, 68 young (69632K), 4 survivors (4096K)
 Metaspace       used 176408K, committed 179200K, reserved 1245184K
  class space    used 23329K, committed 24704K, reserved 1048576K
}
Event: 170.119 GC heap after
{Heap after GC invocations=71 (full 0):
 garbage-first heap   total 416768K, used 217873K [0x0000000080000000, 0x0000000100000000)
  region size 1024K, 3 young (3072K), 3 survivors (3072K)
 Metaspace       used 176408K, committed 179200K, reserved 1245184K
  class space    used 23329K, committed 24704K, reserved 1048576K
}
Event: 389.242 GC heap before
{Heap before GC invocations=71 (full 0):
 garbage-first heap   total 416768K, used 391953K [0x0000000080000000, 0x0000000100000000)
  region size 1024K, 173 young (177152K), 3 survivors (3072K)
 Metaspace       used 177321K, committed 180032K, reserved 1245184K
  class space    used 23395K, committed 24768K, reserved 1048576K
}
Event: 389.601 GC heap after
{Heap after GC invocations=72 (full 0):
 garbage-first heap   total 416768K, used 226984K [0x0000000080000000, 0x0000000100000000)
  region size 1024K, 16 young (16384K), 16 survivors (16384K)
 Metaspace       used 177321K, committed 180032K, reserved 1245184K
  class space    used 23395K, committed 24768K, reserved 1048576K
}
Event: 444.206 GC heap before
{Heap before GC invocations=72 (full 0):
 garbage-first heap   total 416768K, used 377512K [0x0000000080000000, 0x0000000100000000)
  region size 1024K, 164 young (167936K), 16 survivors (16384K)
 Metaspace       used 177880K, committed 180608K, reserved 1245184K
  class space    used 23451K, committed 24832K, reserved 1048576K
}
Event: 444.351 GC heap after
{Heap after GC invocations=73 (full 0):
 garbage-first heap   total 416768K, used 230070K [0x0000000080000000, 0x0000000100000000)
  region size 1024K, 5 young (5120K), 5 survivors (5120K)
 Metaspace       used 177880K, committed 180608K, reserved 1245184K
  class space    used 23451K, committed 24832K, reserved 1048576K
}
Event: 451.327 GC heap before
{Heap before GC invocations=74 (full 0):
 garbage-first heap   total 416768K, used 396982K [0x0000000080000000, 0x0000000100000000)
  region size 1024K, 160 young (163840K), 5 survivors (5120K)
 Metaspace       used 178440K, committed 181248K, reserved 1245184K
  class space    used 23473K, committed 24896K, reserved 1048576K
}
Event: 451.414 GC heap after
{Heap after GC invocations=75 (full 0):
 garbage-first heap   total 446464K, used 274944K [0x0000000080000000, 0x0000000100000000)
  region size 1024K, 20 young (20480K), 20 survivors (20480K)
 Metaspace       used 178440K, committed 181248K, reserved 1245184K
  class space    used 23473K, committed 24896K, reserved 1048576K
}
Event: 452.431 GC heap before
{Heap before GC invocations=75 (full 0):
 garbage-first heap   total 446464K, used 304640K [0x0000000080000000, 0x0000000100000000)
  region size 1024K, 42 young (43008K), 20 survivors (20480K)
 Metaspace       used 178525K, committed 181312K, reserved 1245184K
  class space    used 23474K, committed 24896K, reserved 1048576K
}
Event: 452.480 GC heap after
{Heap after GC invocations=76 (full 0):
 garbage-first heap   total 446464K, used 277504K [0x0000000080000000, 0x0000000100000000)
  region size 1024K, 4 young (4096K), 4 survivors (4096K)
 Metaspace       used 178525K, committed 181312K, reserved 1245184K
  class space    used 23474K, committed 24896K, reserved 1048576K
}
Event: 454.420 GC heap before
{Heap before GC invocations=76 (full 0):
 garbage-first heap   total 446464K, used 403456K [0x0000000080000000, 0x0000000100000000)
  region size 1024K, 103 young (105472K), 4 survivors (4096K)
 Metaspace       used 180499K, committed 183296K, reserved 1245184K
  class space    used 23632K, committed 25024K, reserved 1048576K
}
Event: 454.447 GC heap after
{Heap after GC invocations=77 (full 0):
 garbage-first heap   total 446464K, used 289792K [0x0000000080000000, 0x0000000100000000)
  region size 1024K, 13 young (13312K), 13 survivors (13312K)
 Metaspace       used 180499K, committed 183296K, reserved 1245184K
  class space    used 23632K, committed 25024K, reserved 1048576K
}
Event: 457.646 GC heap before
{Heap before GC invocations=77 (full 0):
 garbage-first heap   total 446464K, used 376832K [0x0000000080000000, 0x0000000100000000)
  region size 1024K, 99 young (101376K), 13 survivors (13312K)
 Metaspace       used 181707K, committed 184512K, reserved 1245184K
  class space    used 23736K, committed 25152K, reserved 1048576K
}
Event: 457.676 GC heap after
{Heap after GC invocations=78 (full 0):
 garbage-first heap   total 446464K, used 291104K [0x0000000080000000, 0x0000000100000000)
  region size 1024K, 2 young (2048K), 2 survivors (2048K)
 Metaspace       used 181707K, committed 184512K, reserved 1245184K
  class space    used 23736K, committed 25152K, reserved 1048576K
}
Event: 459.584 GC heap before
{Heap before GC invocations=78 (full 0):
 garbage-first heap   total 446464K, used 403744K [0x0000000080000000, 0x0000000100000000)
  region size 1024K, 113 young (115712K), 2 survivors (2048K)
 Metaspace       used 182157K, committed 184896K, reserved 1245184K
  class space    used 23777K, committed 25152K, reserved 1048576K
}
Event: 459.602 GC heap after
{Heap after GC invocations=79 (full 0):
 garbage-first heap   total 446464K, used 292280K [0x0000000080000000, 0x0000000100000000)
  region size 1024K, 4 young (4096K), 4 survivors (4096K)
 Metaspace       used 182157K, committed 184896K, reserved 1245184K
  class space    used 23777K, committed 25152K, reserved 1048576K
}
Event: 459.611 GC heap before
{Heap before GC invocations=79 (full 0):
 garbage-first heap   total 446464K, used 293304K [0x0000000080000000, 0x0000000100000000)
  region size 1024K, 6 young (6144K), 4 survivors (4096K)
 Metaspace       used 182162K, committed 184896K, reserved 1245184K
  class space    used 23778K, committed 25152K, reserved 1048576K
}
Event: 459.623 GC heap after
{Heap after GC invocations=80 (full 0):
 garbage-first heap   total 446464K, used 292269K [0x0000000080000000, 0x0000000100000000)
  region size 1024K, 4 young (4096K), 4 survivors (4096K)
 Metaspace       used 182162K, committed 184896K, reserved 1245184K
  class space    used 23778K, committed 25152K, reserved 1048576K
}

