# JRE version: OpenJDK Runtime Environment (21.0.5) (build 21.0.5+-13047016-b750.29)
# Java VM: OpenJDK 64-Bit Server VM (21.0.5+-13047016-b750.29, mixed mode, tiered, compressed oops, compressed class ptrs, g1 gc, windows-amd64)
GC Precious Log:
 CardTable entry size: 512
 Card Set container configuration: InlinePtr #cards 5 size 8 Array Of Cards #cards 12 size 40 Howl #buckets 4 coarsen threshold 1843 Howl Bitmap #cards 512 size 80 coarsen threshold 460 Card regions per heap region 1 cards per card region 2048
 CPUs: 4 total, 4 available
 Memory: 8026M
 Large Page Support: Disabled
 NUMA Support: Disabled
 Compressed Oops: Enabled (32-bit)
 Heap Region Size: 1M
 Heap Min Capacity: 8M
 Heap Initial Capacity: 126M
 Heap Max Capacity: 2G
 Pre-touch: Disabled
 Parallel Workers: 4
 Concurrent Workers: 1
 Concurrent Refinement Workers: 4
 Periodic GC: Disabled
Heap:
 garbage-first heap   total 278528K, used 180575K [0x0000000080000000, 0x0000000100000000)
  region size 1024K, 8 young (8192K), 8 survivors (8192K)
 Metaspace       used 143956K, committed 146240K, reserved 1179648K
  class space    used 19319K, committed 20480K, reserved 1048576K
GC Heap History (20 events):
Event: 62.664 GC heap after
{Heap after GC invocations=74 (full 0):
 garbage-first heap   total 258048K, used 122345K [0x0000000080000000, 0x0000000100000000)
  region size 1024K, 6 young (6144K), 6 survivors (6144K)
 Metaspace       used 125104K, committed 127424K, reserved 1179648K
  class space    used 16811K, committed 17984K, reserved 1048576K
}
Event: 65.956 GC heap before
{Heap before GC invocations=74 (full 0):
 garbage-first heap   total 258048K, used 240105K [0x0000000080000000, 0x0000000100000000)
  region size 1024K, 117 young (119808K), 6 survivors (6144K)
 Metaspace       used 127132K, committed 129344K, reserved 1179648K
  class space    used 17055K, committed 18176K, reserved 1048576K
}
Event: 65.979 GC heap after
{Heap after GC invocations=75 (full 0):
 garbage-first heap   total 258048K, used 128086K [0x0000000080000000, 0x0000000100000000)
  region size 1024K, 13 young (13312K), 13 survivors (13312K)
 Metaspace       used 127132K, committed 129344K, reserved 1179648K
  class space    used 17055K, committed 18176K, reserved 1048576K
}
Event: 68.892 GC heap before
{Heap before GC invocations=75 (full 0):
 garbage-first heap   total 258048K, used 233558K [0x0000000080000000, 0x0000000100000000)
  region size 1024K, 118 young (120832K), 13 survivors (13312K)
 Metaspace       used 133507K, committed 135680K, reserved 1179648K
  class space    used 17944K, committed 19072K, reserved 1048576K
}
Event: 68.930 GC heap after
{Heap after GC invocations=76 (full 0):
 garbage-first heap   total 263168K, used 142018K [0x0000000080000000, 0x0000000100000000)
  region size 1024K, 14 young (14336K), 14 survivors (14336K)
 Metaspace       used 133507K, committed 135680K, reserved 1179648K
  class space    used 17944K, committed 19072K, reserved 1048576K
}
Event: 71.141 GC heap before
{Heap before GC invocations=77 (full 0):
 garbage-first heap   total 263168K, used 233154K [0x0000000080000000, 0x0000000100000000)
  region size 1024K, 104 young (106496K), 14 survivors (14336K)
 Metaspace       used 136566K, committed 138816K, reserved 1179648K
  class space    used 18397K, committed 19520K, reserved 1048576K
}
Event: 71.187 GC heap after
{Heap after GC invocations=78 (full 0):
 garbage-first heap   total 263168K, used 156160K [0x0000000080000000, 0x0000000100000000)
  region size 1024K, 13 young (13312K), 13 survivors (13312K)
 Metaspace       used 136566K, committed 138816K, reserved 1179648K
  class space    used 18397K, committed 19520K, reserved 1048576K
}
Event: 72.598 GC heap before
{Heap before GC invocations=78 (full 0):
 garbage-first heap   total 263168K, used 235008K [0x0000000080000000, 0x0000000100000000)
  region size 1024K, 90 young (92160K), 13 survivors (13312K)
 Metaspace       used 139957K, committed 142208K, reserved 1179648K
  class space    used 18928K, committed 20096K, reserved 1048576K
}
Event: 72.639 GC heap after
{Heap after GC invocations=79 (full 0):
 garbage-first heap   total 263168K, used 164352K [0x0000000080000000, 0x0000000100000000)
  region size 1024K, 9 young (9216K), 9 survivors (9216K)
 Metaspace       used 139957K, committed 142208K, reserved 1179648K
  class space    used 18928K, committed 20096K, reserved 1048576K
}
Event: 73.838 GC heap before
{Heap before GC invocations=79 (full 0):
 garbage-first heap   total 263168K, used 239104K [0x0000000080000000, 0x0000000100000000)
  region size 1024K, 82 young (83968K), 9 survivors (9216K)
 Metaspace       used 141326K, committed 143552K, reserved 1179648K
  class space    used 19021K, committed 20160K, reserved 1048576K
}
Event: 73.855 GC heap after
{Heap after GC invocations=80 (full 0):
 garbage-first heap   total 263168K, used 166287K [0x0000000080000000, 0x0000000100000000)
  region size 1024K, 2 young (2048K), 2 survivors (2048K)
 Metaspace       used 141326K, committed 143552K, reserved 1179648K
  class space    used 19021K, committed 20160K, reserved 1048576K
}
Event: 74.949 GC heap before
{Heap before GC invocations=81 (full 0):
 garbage-first heap   total 278528K, used 243087K [0x0000000080000000, 0x0000000100000000)
  region size 1024K, 77 young (78848K), 2 survivors (2048K)
 Metaspace       used 141700K, committed 144000K, reserved 1179648K
  class space    used 19050K, committed 20224K, reserved 1048576K
}
Event: 74.953 GC heap after
{Heap after GC invocations=82 (full 0):
 garbage-first heap   total 278528K, used 165664K [0x0000000080000000, 0x0000000100000000)
  region size 1024K, 2 young (2048K), 2 survivors (2048K)
 Metaspace       used 141700K, committed 144000K, reserved 1179648K
  class space    used 19050K, committed 20224K, reserved 1048576K
}
Event: 76.184 GC heap before
{Heap before GC invocations=82 (full 0):
 garbage-first heap   total 278528K, used 258848K [0x0000000080000000, 0x0000000100000000)
  region size 1024K, 93 young (95232K), 2 survivors (2048K)
 Metaspace       used 142710K, committed 144960K, reserved 1179648K
  class space    used 19168K, committed 20288K, reserved 1048576K
}
Event: 76.193 GC heap after
{Heap after GC invocations=83 (full 0):
 garbage-first heap   total 278528K, used 163891K [0x0000000080000000, 0x0000000100000000)
  region size 1024K, 2 young (2048K), 2 survivors (2048K)
 Metaspace       used 142710K, committed 144960K, reserved 1179648K
  class space    used 19168K, committed 20288K, reserved 1048576K
}
Event: 77.063 GC heap before
{Heap before GC invocations=83 (full 0):
 garbage-first heap   total 278528K, used 259123K [0x0000000080000000, 0x0000000100000000)
  region size 1024K, 96 young (98304K), 2 survivors (2048K)
 Metaspace       used 143718K, committed 146048K, reserved 1179648K
  class space    used 19300K, committed 20480K, reserved 1048576K
}
Event: 77.070 GC heap after
{Heap after GC invocations=84 (full 0):
 garbage-first heap   total 278528K, used 166036K [0x0000000080000000, 0x0000000100000000)
  region size 1024K, 4 young (4096K), 4 survivors (4096K)
 Metaspace       used 143718K, committed 146048K, reserved 1179648K
  class space    used 19300K, committed 20480K, reserved 1048576K
}
Event: 77.959 GC heap before
{Heap before GC invocations=85 (full 0):
 garbage-first heap   total 278528K, used 257172K [0x0000000080000000, 0x0000000100000000)
  region size 1024K, 94 young (96256K), 4 survivors (4096K)
 Metaspace       used 143830K, committed 146112K, reserved 1179648K
  class space    used 19313K, committed 20480K, reserved 1048576K
}
Event: 77.974 GC heap after
{Heap after GC invocations=86 (full 0):
 garbage-first heap   total 278528K, used 174926K [0x0000000080000000, 0x0000000100000000)
  region size 1024K, 12 young (12288K), 12 survivors (12288K)
 Metaspace       used 143830K, committed 146112K, reserved 1179648K
  class space    used 19313K, committed 20480K, reserved 1048576K
}
Event: 78.328 GC heap before
{Heap before GC invocations=86 (full 0):
 garbage-first heap   total 278528K, used 249678K [0x0000000080000000, 0x0000000100000000)
  region size 1024K, 86 young (88064K), 12 survivors (12288K)
 Metaspace       used 143956K, committed 146240K, reserved 1179648K
  class space    used 19319K, committed 20480K, reserved 1048576K
}

