# JRE version: OpenJDK Runtime Environment (21.0.5) (build 21.0.5+-13047016-b750.29)
# Java VM: OpenJDK 64-Bit Server VM (21.0.5+-13047016-b750.29, mixed mode, tiered, compressed oops, compressed class ptrs, g1 gc, windows-amd64)
GC Precious Log:
 CardTable entry size: 512
 Card Set container configuration: InlinePtr #cards 5 size 8 Array Of Cards #cards 12 size 40 Howl #buckets 4 coarsen threshold 1843 Howl Bitmap #cards 512 size 80 coarsen threshold 460 Card regions per heap region 1 cards per card region 2048
 CPUs: 4 total, 4 available
 Memory: 8026M
 Large Page Support: Disabled
 NUMA Support: Disabled
 Compressed Oops: Enabled (32-bit)
 Heap Region Size: 1M
 Heap Min Capacity: 8M
 Heap Initial Capacity: 126M
 Heap Max Capacity: 2G
 Pre-touch: Disabled
 Parallel Workers: 4
 Concurrent Workers: 1
 Concurrent Refinement Workers: 4
 Periodic GC: Disabled
Heap:
 garbage-first heap   total 157696K, used 100735K [0x0000000080000000, 0x0000000100000000)
  region size 1024K, 12 young (12288K), 5 survivors (5120K)
 Metaspace       used 104399K, committed 106496K, reserved 1179648K
  class space    used 14365K, committed 15424K, reserved 1048576K
GC Heap History (20 events):
Event: 42.058 GC heap before
{Heap before GC invocations=25 (full 0):
 garbage-first heap   total 121856K, used 112640K [0x0000000080000000, 0x0000000100000000)
  region size 1024K, 37 young (37888K), 3 survivors (3072K)
 Metaspace       used 79060K, committed 80960K, reserved 1179648K
  class space    used 10638K, committed 11584K, reserved 1048576K
}
Event: 42.068 GC heap after
{Heap after GC invocations=26 (full 0):
 garbage-first heap   total 121856K, used 77569K [0x0000000080000000, 0x0000000100000000)
  region size 1024K, 5 young (5120K), 5 survivors (5120K)
 Metaspace       used 79060K, committed 80960K, reserved 1179648K
  class space    used 10638K, committed 11584K, reserved 1048576K
}
Event: 44.622 GC heap before
{Heap before GC invocations=26 (full 0):
 garbage-first heap   total 121856K, used 109313K [0x0000000080000000, 0x0000000100000000)
  region size 1024K, 36 young (36864K), 5 survivors (5120K)
 Metaspace       used 81501K, committed 83264K, reserved 1179648K
  class space    used 10936K, committed 11840K, reserved 1048576K
}
Event: 44.636 GC heap after
{Heap after GC invocations=27 (full 0):
 garbage-first heap   total 121856K, used 78673K [0x0000000080000000, 0x0000000100000000)
  region size 1024K, 2 young (2048K), 2 survivors (2048K)
 Metaspace       used 81501K, committed 83264K, reserved 1179648K
  class space    used 10936K, committed 11840K, reserved 1048576K
}
Event: 46.851 GC heap before
{Heap before GC invocations=27 (full 0):
 garbage-first heap   total 121856K, used 110417K [0x0000000080000000, 0x0000000100000000)
  region size 1024K, 33 young (33792K), 2 survivors (2048K)
 Metaspace       used 85205K, committed 87040K, reserved 1179648K
  class space    used 11436K, committed 12352K, reserved 1048576K
}
Event: 46.858 GC heap after
{Heap after GC invocations=28 (full 0):
 garbage-first heap   total 121856K, used 80204K [0x0000000080000000, 0x0000000100000000)
  region size 1024K, 4 young (4096K), 4 survivors (4096K)
 Metaspace       used 85205K, committed 87040K, reserved 1179648K
  class space    used 11436K, committed 12352K, reserved 1048576K
}
Event: 48.170 GC heap before
{Heap before GC invocations=29 (full 0):
 garbage-first heap   total 137216K, used 107852K [0x0000000080000000, 0x0000000100000000)
  region size 1024K, 31 young (31744K), 4 survivors (4096K)
 Metaspace       used 87378K, committed 89216K, reserved 1179648K
  class space    used 11705K, committed 12608K, reserved 1048576K
}
Event: 48.182 GC heap after
{Heap after GC invocations=30 (full 0):
 garbage-first heap   total 137216K, used 81419K [0x0000000080000000, 0x0000000100000000)
  region size 1024K, 3 young (3072K), 3 survivors (3072K)
 Metaspace       used 87378K, committed 89216K, reserved 1179648K
  class space    used 11705K, committed 12608K, reserved 1048576K
}
Event: 50.014 GC heap before
{Heap before GC invocations=30 (full 0):
 garbage-first heap   total 137216K, used 128523K [0x0000000080000000, 0x0000000100000000)
  region size 1024K, 46 young (47104K), 3 survivors (3072K)
 Metaspace       used 89072K, committed 90880K, reserved 1179648K
  class space    used 11957K, committed 12864K, reserved 1048576K
}
Event: 50.026 GC heap after
{Heap after GC invocations=31 (full 0):
 garbage-first heap   total 137216K, used 87947K [0x0000000080000000, 0x0000000100000000)
  region size 1024K, 6 young (6144K), 6 survivors (6144K)
 Metaspace       used 89072K, committed 90880K, reserved 1179648K
  class space    used 11957K, committed 12864K, reserved 1048576K
}
Event: 51.163 GC heap before
{Heap before GC invocations=31 (full 0):
 garbage-first heap   total 137216K, used 122763K [0x0000000080000000, 0x0000000100000000)
  region size 1024K, 40 young (40960K), 6 survivors (6144K)
 Metaspace       used 91211K, committed 93120K, reserved 1179648K
  class space    used 12241K, committed 13184K, reserved 1048576K
}
Event: 51.174 GC heap after
{Heap after GC invocations=32 (full 0):
 garbage-first heap   total 137216K, used 89192K [0x0000000080000000, 0x0000000100000000)
  region size 1024K, 2 young (2048K), 2 survivors (2048K)
 Metaspace       used 91211K, committed 93120K, reserved 1179648K
  class space    used 12241K, committed 13184K, reserved 1048576K
}
Event: 54.014 GC heap before
{Heap before GC invocations=33 (full 0):
 garbage-first heap   total 150528K, used 127080K [0x0000000080000000, 0x0000000100000000)
  region size 1024K, 38 young (38912K), 2 survivors (2048K)
 Metaspace       used 93968K, committed 95936K, reserved 1179648K
  class space    used 12697K, committed 13696K, reserved 1048576K
}
Event: 54.020 GC heap after
{Heap after GC invocations=34 (full 0):
 garbage-first heap   total 150528K, used 89946K [0x0000000080000000, 0x0000000100000000)
  region size 1024K, 3 young (3072K), 3 survivors (3072K)
 Metaspace       used 93968K, committed 95936K, reserved 1179648K
  class space    used 12697K, committed 13696K, reserved 1048576K
}
Event: 57.899 GC heap before
{Heap before GC invocations=34 (full 0):
 garbage-first heap   total 150528K, used 138074K [0x0000000080000000, 0x0000000100000000)
  region size 1024K, 50 young (51200K), 3 survivors (3072K)
 Metaspace       used 97822K, committed 99904K, reserved 1179648K
  class space    used 13336K, committed 14400K, reserved 1048576K
}
Event: 57.908 GC heap after
{Heap after GC invocations=35 (full 0):
 garbage-first heap   total 150528K, used 90120K [0x0000000080000000, 0x0000000100000000)
  region size 1024K, 5 young (5120K), 5 survivors (5120K)
 Metaspace       used 97822K, committed 99904K, reserved 1179648K
  class space    used 13336K, committed 14400K, reserved 1048576K
}
Event: 66.692 GC heap before
{Heap before GC invocations=35 (full 0):
 garbage-first heap   total 150528K, used 136200K [0x0000000080000000, 0x0000000100000000)
  region size 1024K, 50 young (51200K), 5 survivors (5120K)
 Metaspace       used 101060K, committed 103168K, reserved 1179648K
  class space    used 13806K, committed 14912K, reserved 1048576K
}
Event: 66.705 GC heap after
{Heap after GC invocations=36 (full 0):
 garbage-first heap   total 150528K, used 93431K [0x0000000080000000, 0x0000000100000000)
  region size 1024K, 7 young (7168K), 7 survivors (7168K)
 Metaspace       used 101060K, committed 103168K, reserved 1179648K
  class space    used 13806K, committed 14912K, reserved 1048576K
}
Event: 74.003 GC heap before
{Heap before GC invocations=37 (full 0):
 garbage-first heap   total 157696K, used 133367K [0x0000000080000000, 0x0000000100000000)
  region size 1024K, 46 young (47104K), 7 survivors (7168K)
 Metaspace       used 103954K, committed 106048K, reserved 1179648K
  class space    used 14292K, committed 15360K, reserved 1048576K
}
Event: 74.017 GC heap after
{Heap after GC invocations=38 (full 0):
 garbage-first heap   total 157696K, used 94591K [0x0000000080000000, 0x0000000100000000)
  region size 1024K, 5 young (5120K), 5 survivors (5120K)
 Metaspace       used 103954K, committed 106048K, reserved 1179648K
  class space    used 14292K, committed 15360K, reserved 1048576K
}

