# JRE version: OpenJDK Runtime Environment (21.0.5) (build 21.0.5+-13047016-b750.29)
# Java VM: OpenJDK 64-Bit Server VM (21.0.5+-13047016-b750.29, mixed mode, tiered, compressed oops, compressed class ptrs, g1 gc, windows-amd64)
GC Precious Log:
 CardTable entry size: 512
 Card Set container configuration: InlinePtr #cards 5 size 8 Array Of Cards #cards 12 size 40 Howl #buckets 4 coarsen threshold 1843 Howl Bitmap #cards 512 size 80 coarsen threshold 460 Card regions per heap region 1 cards per card region 2048
 CPUs: 4 total, 4 available
 Memory: 8026M
 Large Page Support: Disabled
 NUMA Support: Disabled
 Compressed Oops: Enabled (32-bit)
 Heap Region Size: 1M
 Heap Min Capacity: 8M
 Heap Initial Capacity: 126M
 Heap Max Capacity: 2G
 Pre-touch: Disabled
 Parallel Workers: 4
 Concurrent Workers: 1
 Concurrent Refinement Workers: 4
 Periodic GC: Disabled
Heap:
 garbage-first heap   total 503808K, used 417280K [0x0000000080000000, 0x0000000100000000)
  region size 1024K, 26 young (26624K), 11 survivors (11264K)
 Metaspace       used 126879K, committed 129152K, reserved 1179648K
  class space    used 17300K, committed 18496K, reserved 1048576K
GC Heap History (20 events):
Event: 35.379 GC heap before
{Heap before GC invocations=48 (full 0):
 garbage-first heap   total 199680K, used 173704K [0x0000000080000000, 0x0000000100000000)
  region size 1024K, 59 young (60416K), 5 survivors (5120K)
 Metaspace       used 114648K, committed 116864K, reserved 1179648K
  class space    used 15568K, committed 16704K, reserved 1048576K
}
Event: 35.390 GC heap after
{Heap after GC invocations=49 (full 0):
 garbage-first heap   total 199680K, used 120210K [0x0000000080000000, 0x0000000100000000)
  region size 1024K, 4 young (4096K), 4 survivors (4096K)
 Metaspace       used 114648K, committed 116864K, reserved 1179648K
  class space    used 15568K, committed 16704K, reserved 1048576K
}
Event: 36.629 GC heap before
{Heap before GC invocations=49 (full 0):
 garbage-first heap   total 199680K, used 181650K [0x0000000080000000, 0x0000000100000000)
  region size 1024K, 65 young (66560K), 4 survivors (4096K)
 Metaspace       used 117638K, committed 119872K, reserved 1179648K
  class space    used 15942K, committed 17088K, reserved 1048576K
}
Event: 36.645 GC heap after
{Heap after GC invocations=50 (full 0):
 garbage-first heap   total 239616K, used 122008K [0x0000000080000000, 0x0000000100000000)
  region size 1024K, 7 young (7168K), 7 survivors (7168K)
 Metaspace       used 117638K, committed 119872K, reserved 1179648K
  class space    used 15942K, committed 17088K, reserved 1048576K
}
Event: 38.092 GC heap before
{Heap before GC invocations=50 (full 0):
 garbage-first heap   total 239616K, used 236696K [0x0000000080000000, 0x0000000100000000)
  region size 1024K, 98 young (100352K), 7 survivors (7168K)
 Metaspace       used 120443K, committed 122816K, reserved 1179648K
  class space    used 16235K, committed 17472K, reserved 1048576K
}
Event: 38.111 GC heap after
{Heap after GC invocations=51 (full 0):
 garbage-first heap   total 251904K, used 146245K [0x0000000080000000, 0x0000000100000000)
  region size 1024K, 13 young (13312K), 13 survivors (13312K)
 Metaspace       used 120443K, committed 122816K, reserved 1179648K
  class space    used 16235K, committed 17472K, reserved 1048576K
}
Event: 38.116 GC heap before
{Heap before GC invocations=51 (full 0):
 garbage-first heap   total 251904K, used 146245K [0x0000000080000000, 0x0000000100000000)
  region size 1024K, 14 young (14336K), 13 survivors (13312K)
 Metaspace       used 120443K, committed 122816K, reserved 1179648K
  class space    used 16235K, committed 17472K, reserved 1048576K
}
Event: 38.130 GC heap after
{Heap after GC invocations=52 (full 0):
 garbage-first heap   total 251904K, used 148072K [0x0000000080000000, 0x0000000100000000)
  region size 1024K, 1 young (1024K), 1 survivors (1024K)
 Metaspace       used 120443K, committed 122816K, reserved 1179648K
  class space    used 16235K, committed 17472K, reserved 1048576K
}
Event: 39.511 GC heap before
{Heap before GC invocations=53 (full 0):
 garbage-first heap   total 360448K, used 359016K [0x0000000080000000, 0x0000000100000000)
  region size 1024K, 43 young (44032K), 1 survivors (1024K)
 Metaspace       used 123841K, committed 126208K, reserved 1179648K
  class space    used 16721K, committed 17920K, reserved 1048576K
}
Event: 39.518 GC heap after
{Heap after GC invocations=54 (full 0):
 garbage-first heap   total 368640K, used 256452K [0x0000000080000000, 0x0000000100000000)
  region size 1024K, 8 young (8192K), 8 survivors (8192K)
 Metaspace       used 123841K, committed 126208K, reserved 1179648K
  class space    used 16721K, committed 17920K, reserved 1048576K
}
Event: 41.058 GC heap before
{Heap before GC invocations=54 (full 0):
 garbage-first heap   total 368640K, used 362948K [0x0000000080000000, 0x0000000100000000)
  region size 1024K, 74 young (75776K), 8 survivors (8192K)
 Metaspace       used 124157K, committed 126528K, reserved 1179648K
  class space    used 16763K, committed 17984K, reserved 1048576K
}
Event: 41.115 GC heap after
{Heap after GC invocations=55 (full 0):
 garbage-first heap   total 398336K, used 293724K [0x0000000080000000, 0x0000000100000000)
  region size 1024K, 10 young (10240K), 10 survivors (10240K)
 Metaspace       used 124157K, committed 126528K, reserved 1179648K
  class space    used 16763K, committed 17984K, reserved 1048576K
}
Event: 41.245 GC heap before
{Heap before GC invocations=55 (full 0):
 garbage-first heap   total 398336K, used 304988K [0x0000000080000000, 0x0000000100000000)
  region size 1024K, 22 young (22528K), 10 survivors (10240K)
 Metaspace       used 124157K, committed 126528K, reserved 1179648K
  class space    used 16763K, committed 17984K, reserved 1048576K
}
Event: 41.273 GC heap after
{Heap after GC invocations=56 (full 0):
 garbage-first heap   total 398336K, used 299768K [0x0000000080000000, 0x0000000100000000)
  region size 1024K, 5 young (5120K), 5 survivors (5120K)
 Metaspace       used 124157K, committed 126528K, reserved 1179648K
  class space    used 16763K, committed 17984K, reserved 1048576K
}
Event: 42.275 GC heap before
{Heap before GC invocations=57 (full 0):
 garbage-first heap   total 503808K, used 358136K [0x0000000080000000, 0x0000000100000000)
  region size 1024K, 60 young (61440K), 5 survivors (5120K)
 Metaspace       used 124173K, committed 126528K, reserved 1179648K
  class space    used 16765K, committed 17984K, reserved 1048576K
}
Event: 42.335 GC heap after
{Heap after GC invocations=58 (full 0):
 garbage-first heap   total 503808K, used 320512K [0x0000000080000000, 0x0000000100000000)
  region size 1024K, 8 young (8192K), 8 survivors (8192K)
 Metaspace       used 124173K, committed 126528K, reserved 1179648K
  class space    used 16765K, committed 17984K, reserved 1048576K
}
Event: 45.231 GC heap before
{Heap before GC invocations=58 (full 0):
 garbage-first heap   total 503808K, used 430080K [0x0000000080000000, 0x0000000100000000)
  region size 1024K, 101 young (103424K), 8 survivors (8192K)
 Metaspace       used 126845K, committed 129152K, reserved 1179648K
  class space    used 17299K, committed 18496K, reserved 1048576K
}
Event: 45.373 GC heap after
{Heap after GC invocations=59 (full 0):
 garbage-first heap   total 503808K, used 366592K [0x0000000080000000, 0x0000000100000000)
  region size 1024K, 13 young (13312K), 13 survivors (13312K)
 Metaspace       used 126845K, committed 129152K, reserved 1179648K
  class space    used 17299K, committed 18496K, reserved 1048576K
}
Event: 46.942 GC heap before
{Heap before GC invocations=59 (full 0):
 garbage-first heap   total 503808K, used 437248K [0x0000000080000000, 0x0000000100000000)
  region size 1024K, 82 young (83968K), 13 survivors (13312K)
 Metaspace       used 126875K, committed 129152K, reserved 1179648K
  class space    used 17299K, committed 18496K, reserved 1048576K
}
Event: 47.083 GC heap after
{Heap after GC invocations=60 (full 0):
 garbage-first heap   total 503808K, used 402944K [0x0000000080000000, 0x0000000100000000)
  region size 1024K, 11 young (11264K), 11 survivors (11264K)
 Metaspace       used 126875K, committed 129152K, reserved 1179648K
  class space    used 17299K, committed 18496K, reserved 1048576K
}

