# JRE version: OpenJDK Runtime Environment (21.0.5) (build 21.0.5+-13047016-b750.29)
# Java VM: OpenJDK 64-Bit Server VM (21.0.5+-13047016-b750.29, mixed mode, tiered, compressed oops, compressed class ptrs, g1 gc, windows-amd64)
GC Precious Log:
 CardTable entry size: 512
 Card Set container configuration: InlinePtr #cards 5 size 8 Array Of Cards #cards 12 size 40 Howl #buckets 4 coarsen threshold 1843 Howl Bitmap #cards 512 size 80 coarsen threshold 460 Card regions per heap region 1 cards per card region 2048
 CPUs: 4 total, 4 available
 Memory: 8026M
 Large Page Support: Disabled
 NUMA Support: Disabled
 Compressed Oops: Enabled (32-bit)
 Heap Region Size: 1M
 Heap Min Capacity: 8M
 Heap Initial Capacity: 126M
 Heap Max Capacity: 2G
 Pre-touch: Disabled
 Parallel Workers: 4
 Concurrent Workers: 1
 Concurrent Refinement Workers: 4
 Periodic GC: Disabled
Heap:
 garbage-first heap   total 262144K, used 202540K [0x0000000080000000, 0x0000000100000000)
  region size 1024K, 17 young (17408K), 6 survivors (6144K)
 Metaspace       used 136423K, committed 138880K, reserved 1179648K
  class space    used 18384K, committed 19584K, reserved 1048576K
GC Heap History (20 events):
Event: 31.829 GC heap before
{Heap before GC invocations=46 (full 0):
 garbage-first heap   total 195584K, used 132249K [0x0000000080000000, 0x0000000100000000)
  region size 1024K, 27 young (27648K), 6 survivors (6144K)
 Metaspace       used 115248K, committed 117376K, reserved 1179648K
  class space    used 15775K, committed 16832K, reserved 1048576K
}
Event: 31.838 GC heap after
{Heap after GC invocations=47 (full 0):
 garbage-first heap   total 195584K, used 114262K [0x0000000080000000, 0x0000000100000000)
  region size 1024K, 4 young (4096K), 4 survivors (4096K)
 Metaspace       used 115248K, committed 117376K, reserved 1179648K
  class space    used 15775K, committed 16832K, reserved 1048576K
}
Event: 33.018 GC heap before
{Heap before GC invocations=48 (full 0):
 garbage-first heap   total 199680K, used 183894K [0x0000000080000000, 0x0000000100000000)
  region size 1024K, 67 young (68608K), 4 survivors (4096K)
 Metaspace       used 118961K, committed 121152K, reserved 1179648K
  class space    used 16117K, committed 17216K, reserved 1048576K
}
Event: 33.027 GC heap after
{Heap after GC invocations=49 (full 0):
 garbage-first heap   total 199680K, used 117760K [0x0000000080000000, 0x0000000100000000)
  region size 1024K, 7 young (7168K), 7 survivors (7168K)
 Metaspace       used 118961K, committed 121152K, reserved 1179648K
  class space    used 16117K, committed 17216K, reserved 1048576K
}
Event: 36.523 GC heap before
{Heap before GC invocations=49 (full 0):
 garbage-first heap   total 199680K, used 180224K [0x0000000080000000, 0x0000000100000000)
  region size 1024K, 69 young (70656K), 7 survivors (7168K)
 Metaspace       used 120620K, committed 122816K, reserved 1179648K
  class space    used 16313K, committed 17408K, reserved 1048576K
}
Event: 36.542 GC heap after
{Heap after GC invocations=50 (full 0):
 garbage-first heap   total 199680K, used 123301K [0x0000000080000000, 0x0000000100000000)
  region size 1024K, 9 young (9216K), 9 survivors (9216K)
 Metaspace       used 120620K, committed 122816K, reserved 1179648K
  class space    used 16313K, committed 17408K, reserved 1048576K
}
Event: 37.948 GC heap before
{Heap before GC invocations=50 (full 0):
 garbage-first heap   total 199680K, used 177573K [0x0000000080000000, 0x0000000100000000)
  region size 1024K, 63 young (64512K), 9 survivors (9216K)
 Metaspace       used 121694K, committed 123904K, reserved 1179648K
  class space    used 16453K, committed 17536K, reserved 1048576K
}
Event: 37.959 GC heap after
{Heap after GC invocations=51 (full 0):
 garbage-first heap   total 199680K, used 123788K [0x0000000080000000, 0x0000000100000000)
  region size 1024K, 5 young (5120K), 5 survivors (5120K)
 Metaspace       used 121694K, committed 123904K, reserved 1179648K
  class space    used 16453K, committed 17536K, reserved 1048576K
}
Event: 55.093 GC heap before
{Heap before GC invocations=52 (full 0):
 garbage-first heap   total 206848K, used 181132K [0x0000000080000000, 0x0000000100000000)
  region size 1024K, 62 young (63488K), 5 survivors (5120K)
 Metaspace       used 126101K, committed 128384K, reserved 1179648K
  class space    used 17087K, committed 18240K, reserved 1048576K
}
Event: 55.106 GC heap after
{Heap after GC invocations=53 (full 0):
 garbage-first heap   total 206848K, used 126851K [0x0000000080000000, 0x0000000100000000)
  region size 1024K, 4 young (4096K), 4 survivors (4096K)
 Metaspace       used 126101K, committed 128384K, reserved 1179648K
  class space    used 17087K, committed 18240K, reserved 1048576K
}
Event: 722.397 GC heap before
{Heap before GC invocations=53 (full 0):
 garbage-first heap   total 206848K, used 204675K [0x0000000080000000, 0x0000000100000000)
  region size 1024K, 62 young (63488K), 4 survivors (4096K)
 Metaspace       used 129429K, committed 131840K, reserved 1179648K
  class space    used 17478K, committed 18688K, reserved 1048576K
}
Event: 722.504 GC heap after
{Heap after GC invocations=54 (full 0):
 garbage-first heap   total 220160K, used 147855K [0x0000000080000000, 0x0000000100000000)
  region size 1024K, 8 young (8192K), 8 survivors (8192K)
 Metaspace       used 129429K, committed 131840K, reserved 1179648K
  class space    used 17478K, committed 18688K, reserved 1048576K
}
Event: 723.219 GC heap before
{Heap before GC invocations=54 (full 0):
 garbage-first heap   total 220160K, used 152975K [0x0000000080000000, 0x0000000100000000)
  region size 1024K, 15 young (15360K), 8 survivors (8192K)
 Metaspace       used 129436K, committed 131840K, reserved 1179648K
  class space    used 17479K, committed 18688K, reserved 1048576K
}
Event: 723.262 GC heap after
{Heap after GC invocations=55 (full 0):
 garbage-first heap   total 220160K, used 150982K [0x0000000080000000, 0x0000000100000000)
  region size 1024K, 3 young (3072K), 3 survivors (3072K)
 Metaspace       used 129436K, committed 131840K, reserved 1179648K
  class space    used 17479K, committed 18688K, reserved 1048576K
}
Event: 726.474 GC heap before
{Heap before GC invocations=56 (full 0):
 garbage-first heap   total 261120K, used 212422K [0x0000000080000000, 0x0000000100000000)
  region size 1024K, 52 young (53248K), 3 survivors (3072K)
 Metaspace       used 132021K, committed 134464K, reserved 1179648K
  class space    used 17849K, committed 19072K, reserved 1048576K
}
Event: 726.484 GC heap after
{Heap after GC invocations=57 (full 0):
 garbage-first heap   total 261120K, used 165888K [0x0000000080000000, 0x0000000100000000)
  region size 1024K, 6 young (6144K), 6 survivors (6144K)
 Metaspace       used 132021K, committed 134464K, reserved 1179648K
  class space    used 17849K, committed 19072K, reserved 1048576K
}
Event: 729.144 GC heap before
{Heap before GC invocations=57 (full 0):
 garbage-first heap   total 261120K, used 243712K [0x0000000080000000, 0x0000000100000000)
  region size 1024K, 69 young (70656K), 6 survivors (6144K)
 Metaspace       used 134505K, committed 136960K, reserved 1179648K
  class space    used 18129K, committed 19328K, reserved 1048576K
}
Event: 729.175 GC heap after
{Heap after GC invocations=58 (full 0):
 garbage-first heap   total 262144K, used 185312K [0x0000000080000000, 0x0000000100000000)
  region size 1024K, 9 young (9216K), 9 survivors (9216K)
 Metaspace       used 134505K, committed 136960K, reserved 1179648K
  class space    used 18129K, committed 19328K, reserved 1048576K
}
Event: 730.705 GC heap before
{Heap before GC invocations=58 (full 0):
 garbage-first heap   total 262144K, used 237536K [0x0000000080000000, 0x0000000100000000)
  region size 1024K, 61 young (62464K), 9 survivors (9216K)
 Metaspace       used 136423K, committed 138880K, reserved 1179648K
  class space    used 18384K, committed 19584K, reserved 1048576K
}
Event: 730.728 GC heap after
{Heap after GC invocations=59 (full 0):
 garbage-first heap   total 262144K, used 192300K [0x0000000080000000, 0x0000000100000000)
  region size 1024K, 6 young (6144K), 6 survivors (6144K)
 Metaspace       used 136423K, committed 138880K, reserved 1179648K
  class space    used 18384K, committed 19584K, reserved 1048576K
}

